{"/mnt/bucket/Kode/dev/JM-course-jinispati/mod72-ass12/MediScan/MediScan-server/src/app.js": {"path":"/mnt/bucket/Kode/dev/JM-course-jinispati/mod72-ass12/MediScan/MediScan-server/src/app.js","statementMap":{"0":{"start":{"line":1,"column":16},"end":{"line":1,"column":34}},"1":{"start":{"line":2,"column":26},"end":{"line":2,"column":59}},"2":{"start":{"line":3,"column":19},"end":{"line":3,"column":43}},"3":{"start":{"line":4,"column":20},"end":{"line":4,"column":45}},"4":{"start":{"line":5,"column":22},"end":{"line":5,"column":49}},"5":{"start":{"line":6,"column":20},"end":{"line":6,"column":45}},"6":{"start":{"line":7,"column":23},"end":{"line":7,"column":51}},"7":{"start":{"line":8,"column":26},"end":{"line":8,"column":57}},"8":{"start":{"line":9,"column":21},"end":{"line":9,"column":47}},"9":{"start":{"line":10,"column":35},"end":{"line":10,"column":65}},"10":{"start":{"line":12,"column":12},"end":{"line":12,"column":21}},"11":{"start":{"line":15,"column":0},"end":{"line":15,"column":19}},"12":{"start":{"line":18,"column":0},"end":{"line":18,"column":20}},"13":{"start":{"line":19,"column":0},"end":{"line":19,"column":21}},"14":{"start":{"line":20,"column":0},"end":{"line":20,"column":23}},"15":{"start":{"line":21,"column":0},"end":{"line":21,"column":21}},"16":{"start":{"line":22,"column":0},"end":{"line":22,"column":24}},"17":{"start":{"line":23,"column":0},"end":{"line":23,"column":27}},"18":{"start":{"line":24,"column":0},"end":{"line":24,"column":22}},"19":{"start":{"line":27,"column":0},"end":{"line":27,"column":18}},"20":{"start":{"line":28,"column":0},"end":{"line":28,"column":22}},"21":{"start":{"line":30,"column":0},"end":{"line":30,"column":21}}},"fnMap":{},"branchMap":{},"s":{"0":2,"1":2,"2":2,"3":2,"4":2,"5":2,"6":2,"7":2,"8":2,"9":2,"10":2,"11":2,"12":2,"13":2,"14":2,"15":2,"16":2,"17":2,"18":2,"19":2,"20":2,"21":2},"f":{},"b":{},"_coverageSchema":"1a1c01bbd47fc00a2c39e90264f33305004495a9","hash":"e0e6f6c1e5e7148a5d06afc561a2d9597d93f6ec"}
,"/mnt/bucket/Kode/dev/JM-course-jinispati/mod72-ass12/MediScan/MediScan-server/src/config/db.js": {"path":"/mnt/bucket/Kode/dev/JM-course-jinispati/mod72-ass12/MediScan/MediScan-server/src/config/db.js","statementMap":{"0":{"start":{"line":1,"column":52},"end":{"line":1,"column":70}},"1":{"start":{"line":2,"column":15},"end":{"line":2,"column":31}},"2":{"start":{"line":7,"column":2},"end":{"line":15,"column":3}},"3":{"start":{"line":8,"column":4},"end":{"line":14,"column":7}},"4":{"start":{"line":16,"column":2},"end":{"line":16,"column":16}},"5":{"start":{"line":20,"column":14},"end":{"line":20,"column":25}},"6":{"start":{"line":21,"column":2},"end":{"line":21,"column":22}},"7":{"start":{"line":22,"column":2},"end":{"line":22,"column":13}},"8":{"start":{"line":26,"column":2},"end":{"line":29,"column":3}},"9":{"start":{"line":27,"column":4},"end":{"line":27,"column":25}},"10":{"start":{"line":28,"column":4},"end":{"line":28,"column":23}},"11":{"start":{"line":33,"column":2},"end":{"line":33,"column":38}},"12":{"start":{"line":37,"column":13},"end":{"line":37,"column":20}},"13":{"start":{"line":38,"column":2},"end":{"line":44,"column":4}},"14":{"start":{"line":47,"column":0},"end":{"line":53,"column":2}}},"fnMap":{"0":{"name":"getClient","decl":{"start":{"line":6,"column":9},"end":{"line":6,"column":18}},"loc":{"start":{"line":6,"column":21},"end":{"line":17,"column":1}},"line":6},"1":{"name":"connectDB","decl":{"start":{"line":19,"column":15},"end":{"line":19,"column":24}},"loc":{"start":{"line":19,"column":27},"end":{"line":23,"column":1}},"line":19},"2":{"name":"closeDB","decl":{"start":{"line":25,"column":15},"end":{"line":25,"column":22}},"loc":{"start":{"line":25,"column":25},"end":{"line":30,"column":1}},"line":25},"3":{"name":"getDb","decl":{"start":{"line":32,"column":9},"end":{"line":32,"column":14}},"loc":{"start":{"line":32,"column":17},"end":{"line":34,"column":1}},"line":32},"4":{"name":"collections","decl":{"start":{"line":36,"column":9},"end":{"line":36,"column":20}},"loc":{"start":{"line":36,"column":23},"end":{"line":45,"column":1}},"line":36}},"branchMap":{"0":{"loc":{"start":{"line":7,"column":2},"end":{"line":15,"column":3}},"type":"if","locations":[{"start":{"line":7,"column":2},"end":{"line":15,"column":3}},{"start":{},"end":{}}],"line":7},"1":{"loc":{"start":{"line":26,"column":2},"end":{"line":29,"column":3}},"type":"if","locations":[{"start":{"line":26,"column":2},"end":{"line":29,"column":3}},{"start":{},"end":{}}],"line":26}},"s":{"0":2,"1":2,"2":0,"3":0,"4":0,"5":0,"6":0,"7":0,"8":0,"9":0,"10":0,"11":0,"12":0,"13":0,"14":2},"f":{"0":0,"1":0,"2":0,"3":0,"4":0},"b":{"0":[0,0],"1":[0,0]},"_coverageSchema":"1a1c01bbd47fc00a2c39e90264f33305004495a9","hash":"22acbdc48d07a8117e41819e7ff1bfe052fa2b67"}
,"/mnt/bucket/Kode/dev/JM-course-jinispati/mod72-ass12/MediScan/MediScan-server/src/config/env.js": {"path":"/mnt/bucket/Kode/dev/JM-course-jinispati/mod72-ass12/MediScan/MediScan-server/src/config/env.js","statementMap":{"0":{"start":{"line":1,"column":13},"end":{"line":1,"column":28}},"1":{"start":{"line":2,"column":0},"end":{"line":2,"column":74}},"2":{"start":{"line":5,"column":16},"end":{"line":5,"column":33}},"3":{"start":{"line":6,"column":2},"end":{"line":8,"column":3}},"4":{"start":{"line":7,"column":4},"end":{"line":7,"column":70}},"5":{"start":{"line":9,"column":2},"end":{"line":9,"column":15}},"6":{"start":{"line":13,"column":17},"end":{"line":13,"column":36}},"7":{"start":{"line":14,"column":17},"end":{"line":14,"column":36}},"8":{"start":{"line":16,"column":2},"end":{"line":18,"column":3}},"9":{"start":{"line":17,"column":4},"end":{"line":17,"column":16}},"10":{"start":{"line":20,"column":2},"end":{"line":20,"column":153}},"11":{"start":{"line":23,"column":17},"end":{"line":23,"column":63}},"12":{"start":{"line":25,"column":0},"end":{"line":27,"column":1}},"13":{"start":{"line":26,"column":2},"end":{"line":26,"column":89}},"14":{"start":{"line":29,"column":15},"end":{"line":37,"column":1}},"15":{"start":{"line":36,"column":68},"end":{"line":36,"column":76}},"16":{"start":{"line":39,"column":0},"end":{"line":39,"column":24}}},"fnMap":{"0":{"name":"requiredEnv","decl":{"start":{"line":4,"column":9},"end":{"line":4,"column":20}},"loc":{"start":{"line":4,"column":27},"end":{"line":10,"column":1}},"line":4},"1":{"name":"buildLegacyMongoUri","decl":{"start":{"line":12,"column":9},"end":{"line":12,"column":28}},"loc":{"start":{"line":12,"column":31},"end":{"line":21,"column":1}},"line":12},"2":{"name":"(anonymous_2)","decl":{"start":{"line":36,"column":63},"end":{"line":36,"column":64}},"loc":{"start":{"line":36,"column":68},"end":{"line":36,"column":76}},"line":36}},"branchMap":{"0":{"loc":{"start":{"line":6,"column":2},"end":{"line":8,"column":3}},"type":"if","locations":[{"start":{"line":6,"column":2},"end":{"line":8,"column":3}},{"start":{},"end":{}}],"line":6},"1":{"loc":{"start":{"line":16,"column":2},"end":{"line":18,"column":3}},"type":"if","locations":[{"start":{"line":16,"column":2},"end":{"line":18,"column":3}},{"start":{},"end":{}}],"line":16},"2":{"loc":{"start":{"line":16,"column":6},"end":{"line":16,"column":24}},"type":"binary-expr","locations":[{"start":{"line":16,"column":6},"end":{"line":16,"column":13}},{"start":{"line":16,"column":17},"end":{"line":16,"column":24}}],"line":16},"3":{"loc":{"start":{"line":23,"column":17},"end":{"line":23,"column":63}},"type":"binary-expr","locations":[{"start":{"line":23,"column":17},"end":{"line":23,"column":38}},{"start":{"line":23,"column":42},"end":{"line":23,"column":63}}],"line":23},"4":{"loc":{"start":{"line":25,"column":0},"end":{"line":27,"column":1}},"type":"if","locations":[{"start":{"line":25,"column":0},"end":{"line":27,"column":1}},{"start":{},"end":{}}],"line":25},"5":{"loc":{"start":{"line":30,"column":11},"end":{"line":30,"column":48}},"type":"binary-expr","locations":[{"start":{"line":30,"column":11},"end":{"line":30,"column":31}},{"start":{"line":30,"column":35},"end":{"line":30,"column":48}}],"line":30},"6":{"loc":{"start":{"line":31,"column":8},"end":{"line":31,"column":40}},"type":"binary-expr","locations":[{"start":{"line":31,"column":8},"end":{"line":31,"column":32}},{"start":{"line":31,"column":36},"end":{"line":31,"column":40}}],"line":31},"7":{"loc":{"start":{"line":36,"column":16},"end":{"line":36,"column":46}},"type":"binary-expr","locations":[{"start":{"line":36,"column":16},"end":{"line":36,"column":40}},{"start":{"line":36,"column":44},"end":{"line":36,"column":46}}],"line":36}},"s":{"0":3,"1":3,"2":3,"3":3,"4":0,"5":3,"6":0,"7":0,"8":0,"9":0,"10":0,"11":3,"12":3,"13":0,"14":3,"15":3,"16":3},"f":{"0":3,"1":0,"2":3},"b":{"0":[0,3],"1":[0,0],"2":[0,0],"3":[3,0],"4":[0,3],"5":[3,0],"6":[3,3],"7":[3,3]},"_coverageSchema":"1a1c01bbd47fc00a2c39e90264f33305004495a9","hash":"fba7a0293b9232df08df4ba84fb72d59968363f2"}
,"/mnt/bucket/Kode/dev/JM-course-jinispati/mod72-ass12/MediScan/MediScan-server/src/middlewares/auth.js": {"path":"/mnt/bucket/Kode/dev/JM-course-jinispati/mod72-ass12/MediScan/MediScan-server/src/middlewares/auth.js","statementMap":{"0":{"start":{"line":1,"column":12},"end":{"line":1,"column":35}},"1":{"start":{"line":2,"column":15},"end":{"line":2,"column":39}},"2":{"start":{"line":3,"column":24},"end":{"line":3,"column":47}},"3":{"start":{"line":6,"column":2},"end":{"line":19,"column":3}},"4":{"start":{"line":7,"column":17},"end":{"line":7,"column":48}},"5":{"start":{"line":8,"column":4},"end":{"line":10,"column":5}},"6":{"start":{"line":9,"column":6},"end":{"line":9,"column":71}},"7":{"start":{"line":11,"column":18},"end":{"line":11,"column":36}},"8":{"start":{"line":12,"column":4},"end":{"line":16,"column":7}},"9":{"start":{"line":13,"column":6},"end":{"line":13,"column":80}},"10":{"start":{"line":13,"column":15},"end":{"line":13,"column":80}},"11":{"start":{"line":14,"column":6},"end":{"line":14,"column":28}},"12":{"start":{"line":15,"column":6},"end":{"line":15,"column":13}},"13":{"start":{"line":18,"column":4},"end":{"line":18,"column":12}},"14":{"start":{"line":23,"column":2},"end":{"line":32,"column":3}},"15":{"start":{"line":24,"column":18},"end":{"line":24,"column":36}},"16":{"start":{"line":25,"column":4},"end":{"line":25,"column":80}},"17":{"start":{"line":25,"column":16},"end":{"line":25,"column":80}},"18":{"start":{"line":26,"column":31},"end":{"line":26,"column":44}},"19":{"start":{"line":27,"column":17},"end":{"line":27,"column":56}},"20":{"start":{"line":28,"column":4},"end":{"line":28,"column":88}},"21":{"start":{"line":28,"column":24},"end":{"line":28,"column":88}},"22":{"start":{"line":29,"column":4},"end":{"line":29,"column":11}},"23":{"start":{"line":31,"column":4},"end":{"line":31,"column":12}},"24":{"start":{"line":35,"column":0},"end":{"line":35,"column":46}}},"fnMap":{"0":{"name":"verifyToken","decl":{"start":{"line":5,"column":9},"end":{"line":5,"column":20}},"loc":{"start":{"line":5,"column":37},"end":{"line":20,"column":1}},"line":5},"1":{"name":"(anonymous_1)","decl":{"start":{"line":12,"column":48},"end":{"line":12,"column":49}},"loc":{"start":{"line":12,"column":66},"end":{"line":16,"column":5}},"line":12},"2":{"name":"verifyAdmin","decl":{"start":{"line":22,"column":15},"end":{"line":22,"column":26}},"loc":{"start":{"line":22,"column":43},"end":{"line":33,"column":1}},"line":22}},"branchMap":{"0":{"loc":{"start":{"line":7,"column":17},"end":{"line":7,"column":48}},"type":"binary-expr","locations":[{"start":{"line":7,"column":17},"end":{"line":7,"column":42}},{"start":{"line":7,"column":46},"end":{"line":7,"column":48}}],"line":7},"1":{"loc":{"start":{"line":8,"column":4},"end":{"line":10,"column":5}},"type":"if","locations":[{"start":{"line":8,"column":4},"end":{"line":10,"column":5}},{"start":{},"end":{}}],"line":8},"2":{"loc":{"start":{"line":13,"column":6},"end":{"line":13,"column":80}},"type":"if","locations":[{"start":{"line":13,"column":6},"end":{"line":13,"column":80}},{"start":{},"end":{}}],"line":13},"3":{"loc":{"start":{"line":25,"column":4},"end":{"line":25,"column":80}},"type":"if","locations":[{"start":{"line":25,"column":4},"end":{"line":25,"column":80}},{"start":{},"end":{}}],"line":25},"4":{"loc":{"start":{"line":28,"column":4},"end":{"line":28,"column":88}},"type":"if","locations":[{"start":{"line":28,"column":4},"end":{"line":28,"column":88}},{"start":{},"end":{}}],"line":28}},"s":{"0":2,"1":2,"2":2,"3":0,"4":0,"5":0,"6":0,"7":0,"8":0,"9":0,"10":0,"11":0,"12":0,"13":0,"14":0,"15":0,"16":0,"17":0,"18":0,"19":0,"20":0,"21":0,"22":0,"23":0,"24":2},"f":{"0":0,"1":0,"2":0},"b":{"0":[0,0],"1":[0,0],"2":[0,0],"3":[0,0],"4":[0,0]},"_coverageSchema":"1a1c01bbd47fc00a2c39e90264f33305004495a9","hash":"2f06ada5570644a69a159ac89e3ea6f4737028d0"}
,"/mnt/bucket/Kode/dev/JM-course-jinispati/mod72-ass12/MediScan/MediScan-server/src/middlewares/error.js": {"path":"/mnt/bucket/Kode/dev/JM-course-jinispati/mod72-ass12/MediScan/MediScan-server/src/middlewares/error.js","statementMap":{"0":{"start":{"line":2,"column":2},"end":{"line":2,"column":49}},"1":{"start":{"line":7,"column":2},"end":{"line":7,"column":21}},"2":{"start":{"line":8,"column":17},"end":{"line":8,"column":34}},"3":{"start":{"line":9,"column":2},"end":{"line":9,"column":79}},"4":{"start":{"line":12,"column":0},"end":{"line":12,"column":44}}},"fnMap":{"0":{"name":"notFound","decl":{"start":{"line":1,"column":9},"end":{"line":1,"column":17}},"loc":{"start":{"line":1,"column":34},"end":{"line":3,"column":1}},"line":1},"1":{"name":"errorHandler","decl":{"start":{"line":6,"column":9},"end":{"line":6,"column":21}},"loc":{"start":{"line":6,"column":43},"end":{"line":10,"column":1}},"line":6}},"branchMap":{"0":{"loc":{"start":{"line":8,"column":17},"end":{"line":8,"column":34}},"type":"binary-expr","locations":[{"start":{"line":8,"column":17},"end":{"line":8,"column":27}},{"start":{"line":8,"column":31},"end":{"line":8,"column":34}}],"line":8},"1":{"loc":{"start":{"line":9,"column":37},"end":{"line":9,"column":75}},"type":"binary-expr","locations":[{"start":{"line":9,"column":37},"end":{"line":9,"column":48}},{"start":{"line":9,"column":52},"end":{"line":9,"column":75}}],"line":9}},"s":{"0":0,"1":0,"2":0,"3":0,"4":2},"f":{"0":0,"1":0},"b":{"0":[0,0],"1":[0,0]},"_coverageSchema":"1a1c01bbd47fc00a2c39e90264f33305004495a9","hash":"2bdf42274a5986ea2d8ca94f0f3bc52d91eef81a"}
,"/mnt/bucket/Kode/dev/JM-course-jinispati/mod72-ass12/MediScan/MediScan-server/src/middlewares/security.js": {"path":"/mnt/bucket/Kode/dev/JM-course-jinispati/mod72-ass12/MediScan/MediScan-server/src/middlewares/security.js","statementMap":{"0":{"start":{"line":1,"column":13},"end":{"line":1,"column":28}},"1":{"start":{"line":2,"column":15},"end":{"line":2,"column":32}},"2":{"start":{"line":3,"column":20},"end":{"line":3,"column":42}},"3":{"start":{"line":4,"column":18},"end":{"line":4,"column":47}},"4":{"start":{"line":5,"column":15},"end":{"line":5,"column":39}},"5":{"start":{"line":8,"column":2},"end":{"line":10,"column":3}},"6":{"start":{"line":9,"column":4},"end":{"line":9,"column":18}},"7":{"start":{"line":11,"column":2},"end":{"line":17,"column":5}},"8":{"start":{"line":13,"column":6},"end":{"line":13,"column":80}},"9":{"start":{"line":13,"column":58},"end":{"line":13,"column":80}},"10":{"start":{"line":14,"column":6},"end":{"line":14,"column":50}},"11":{"start":{"line":21,"column":2},"end":{"line":21,"column":20}},"12":{"start":{"line":22,"column":2},"end":{"line":22,"column":23}},"13":{"start":{"line":23,"column":2},"end":{"line":23,"column":25}},"14":{"start":{"line":24,"column":2},"end":{"line":27,"column":5}},"15":{"start":{"line":25,"column":4},"end":{"line":25,"column":46}},"16":{"start":{"line":26,"column":4},"end":{"line":26,"column":11}},"17":{"start":{"line":29,"column":2},"end":{"line":29,"column":37}},"18":{"start":{"line":32,"column":27},"end":{"line":32,"column":71}},"19":{"start":{"line":33,"column":2},"end":{"line":33,"column":36}},"20":{"start":{"line":34,"column":2},"end":{"line":34,"column":54}},"21":{"start":{"line":37,"column":0},"end":{"line":37,"column":35}}},"fnMap":{"0":{"name":"buildCors","decl":{"start":{"line":7,"column":9},"end":{"line":7,"column":18}},"loc":{"start":{"line":7,"column":21},"end":{"line":18,"column":1}},"line":7},"1":{"name":"(anonymous_1)","decl":{"start":{"line":12,"column":12},"end":{"line":12,"column":13}},"loc":{"start":{"line":12,"column":28},"end":{"line":15,"column":5}},"line":12},"2":{"name":"applySecurity","decl":{"start":{"line":20,"column":9},"end":{"line":20,"column":22}},"loc":{"start":{"line":20,"column":28},"end":{"line":35,"column":1}},"line":20},"3":{"name":"(anonymous_3)","decl":{"start":{"line":24,"column":10},"end":{"line":24,"column":11}},"loc":{"start":{"line":24,"column":30},"end":{"line":27,"column":3}},"line":24}},"branchMap":{"0":{"loc":{"start":{"line":8,"column":2},"end":{"line":10,"column":3}},"type":"if","locations":[{"start":{"line":8,"column":2},"end":{"line":10,"column":3}},{"start":{},"end":{}}],"line":8},"1":{"loc":{"start":{"line":8,"column":6},"end":{"line":8,"column":73}},"type":"binary-expr","locations":[{"start":{"line":8,"column":6},"end":{"line":8,"column":38}},{"start":{"line":8,"column":42},"end":{"line":8,"column":73}}],"line":8},"2":{"loc":{"start":{"line":13,"column":6},"end":{"line":13,"column":80}},"type":"if","locations":[{"start":{"line":13,"column":6},"end":{"line":13,"column":80}},{"start":{},"end":{}}],"line":13},"3":{"loc":{"start":{"line":13,"column":10},"end":{"line":13,"column":56}},"type":"binary-expr","locations":[{"start":{"line":13,"column":10},"end":{"line":13,"column":17}},{"start":{"line":13,"column":21},"end":{"line":13,"column":56}}],"line":13}},"s":{"0":2,"1":2,"2":2,"3":2,"4":2,"5":2,"6":2,"7":0,"8":0,"9":0,"10":0,"11":2,"12":2,"13":2,"14":2,"15":5,"16":5,"17":2,"18":2,"19":2,"20":2,"21":2},"f":{"0":2,"1":0,"2":2,"3":5},"b":{"0":[2,0],"1":[2,2],"2":[0,0],"3":[0,0]},"_coverageSchema":"1a1c01bbd47fc00a2c39e90264f33305004495a9","hash":"cd7f6a07a88bba55502f5db799a58d9a5abc84c5"}
,"/mnt/bucket/Kode/dev/JM-course-jinispati/mod72-ass12/MediScan/MediScan-server/src/middlewares/validate.js": {"path":"/mnt/bucket/Kode/dev/JM-course-jinispati/mod72-ass12/MediScan/MediScan-server/src/middlewares/validate.js","statementMap":{"0":{"start":{"line":1,"column":21},"end":{"line":1,"column":44}},"1":{"start":{"line":4,"column":2},"end":{"line":4,"column":46}},"2":{"start":{"line":8,"column":2},"end":{"line":14,"column":4}},"3":{"start":{"line":9,"column":20},"end":{"line":9,"column":140}},"4":{"start":{"line":9,"column":45},"end":{"line":9,"column":139}},"5":{"start":{"line":10,"column":4},"end":{"line":12,"column":5}},"6":{"start":{"line":11,"column":6},"end":{"line":11,"column":82}},"7":{"start":{"line":13,"column":4},"end":{"line":13,"column":18}},"8":{"start":{"line":18,"column":2},"end":{"line":24,"column":4}},"9":{"start":{"line":19,"column":18},"end":{"line":19,"column":41}},"10":{"start":{"line":20,"column":4},"end":{"line":22,"column":5}},"11":{"start":{"line":21,"column":6},"end":{"line":21,"column":54}},"12":{"start":{"line":23,"column":4},"end":{"line":23,"column":18}},"13":{"start":{"line":28,"column":2},"end":{"line":34,"column":4}},"14":{"start":{"line":29,"column":18},"end":{"line":29,"column":41}},"15":{"start":{"line":30,"column":4},"end":{"line":32,"column":5}},"16":{"start":{"line":31,"column":6},"end":{"line":31,"column":54}},"17":{"start":{"line":33,"column":4},"end":{"line":33,"column":18}},"18":{"start":{"line":37,"column":0},"end":{"line":41,"column":2}}},"fnMap":{"0":{"name":"reject","decl":{"start":{"line":3,"column":9},"end":{"line":3,"column":15}},"loc":{"start":{"line":3,"column":38},"end":{"line":5,"column":1}},"line":3},"1":{"name":"requireFields","decl":{"start":{"line":7,"column":9},"end":{"line":7,"column":22}},"loc":{"start":{"line":7,"column":31},"end":{"line":15,"column":1}},"line":7},"2":{"name":"(anonymous_2)","decl":{"start":{"line":8,"column":9},"end":{"line":8,"column":10}},"loc":{"start":{"line":8,"column":29},"end":{"line":14,"column":3}},"line":8},"3":{"name":"(anonymous_3)","decl":{"start":{"line":9,"column":34},"end":{"line":9,"column":35}},"loc":{"start":{"line":9,"column":45},"end":{"line":9,"column":139}},"line":9},"4":{"name":"validateObjectIdParam","decl":{"start":{"line":17,"column":9},"end":{"line":17,"column":30}},"loc":{"start":{"line":17,"column":42},"end":{"line":25,"column":1}},"line":17},"5":{"name":"(anonymous_5)","decl":{"start":{"line":18,"column":9},"end":{"line":18,"column":10}},"loc":{"start":{"line":18,"column":29},"end":{"line":24,"column":3}},"line":18},"6":{"name":"validateEmailParam","decl":{"start":{"line":27,"column":9},"end":{"line":27,"column":27}},"loc":{"start":{"line":27,"column":39},"end":{"line":35,"column":1}},"line":27},"7":{"name":"(anonymous_7)","decl":{"start":{"line":28,"column":9},"end":{"line":28,"column":10}},"loc":{"start":{"line":28,"column":29},"end":{"line":34,"column":3}},"line":28}},"branchMap":{"0":{"loc":{"start":{"line":9,"column":45},"end":{"line":9,"column":139}},"type":"binary-expr","locations":[{"start":{"line":9,"column":45},"end":{"line":9,"column":85}},{"start":{"line":9,"column":89},"end":{"line":9,"column":113}},{"start":{"line":9,"column":117},"end":{"line":9,"column":139}}],"line":9},"1":{"loc":{"start":{"line":10,"column":4},"end":{"line":12,"column":5}},"type":"if","locations":[{"start":{"line":10,"column":4},"end":{"line":12,"column":5}},{"start":{},"end":{}}],"line":10},"2":{"loc":{"start":{"line":20,"column":4},"end":{"line":22,"column":5}},"type":"if","locations":[{"start":{"line":20,"column":4},"end":{"line":22,"column":5}},{"start":{},"end":{}}],"line":20},"3":{"loc":{"start":{"line":20,"column":8},"end":{"line":20,"column":42}},"type":"binary-expr","locations":[{"start":{"line":20,"column":8},"end":{"line":20,"column":14}},{"start":{"line":20,"column":18},"end":{"line":20,"column":42}}],"line":20},"4":{"loc":{"start":{"line":30,"column":4},"end":{"line":32,"column":5}},"type":"if","locations":[{"start":{"line":30,"column":4},"end":{"line":32,"column":5}},{"start":{},"end":{}}],"line":30},"5":{"loc":{"start":{"line":30,"column":8},"end":{"line":30,"column":67}},"type":"binary-expr","locations":[{"start":{"line":30,"column":8},"end":{"line":30,"column":14}},{"start":{"line":30,"column":18},"end":{"line":30,"column":43}},{"start":{"line":30,"column":47},"end":{"line":30,"column":67}}],"line":30}},"s":{"0":3,"1":4,"2":17,"3":5,"4":8,"5":5,"6":2,"7":3,"8":23,"9":1,"10":1,"11":1,"12":0,"13":15,"14":1,"15":1,"16":1,"17":0,"18":3},"f":{"0":4,"1":17,"2":5,"3":8,"4":23,"5":1,"6":15,"7":1},"b":{"0":[8,6,6],"1":[2,3],"2":[1,0],"3":[1,1],"4":[1,0],"5":[1,1,1]},"_coverageSchema":"1a1c01bbd47fc00a2c39e90264f33305004495a9","hash":"6dbba34a6e8bdcc24ecc26587d59de300ef7fcf2"}
,"/mnt/bucket/Kode/dev/JM-course-jinispati/mod72-ass12/MediScan/MediScan-server/src/routes/auth.js": {"path":"/mnt/bucket/Kode/dev/JM-course-jinispati/mod72-ass12/MediScan/MediScan-server/src/routes/auth.js","statementMap":{"0":{"start":{"line":1,"column":16},"end":{"line":1,"column":34}},"1":{"start":{"line":2,"column":12},"end":{"line":2,"column":35}},"2":{"start":{"line":3,"column":15},"end":{"line":3,"column":39}},"3":{"start":{"line":4,"column":26},"end":{"line":4,"column":60}},"4":{"start":{"line":6,"column":15},"end":{"line":6,"column":31}},"5":{"start":{"line":9,"column":0},"end":{"line":18,"column":3}},"6":{"start":{"line":10,"column":25},"end":{"line":10,"column":39}},"7":{"start":{"line":12,"column":2},"end":{"line":14,"column":3}},"8":{"start":{"line":13,"column":4},"end":{"line":13,"column":66}},"9":{"start":{"line":16,"column":16},"end":{"line":16,"column":87}},"10":{"start":{"line":17,"column":2},"end":{"line":17,"column":22}},"11":{"start":{"line":20,"column":0},"end":{"line":20,"column":24}}},"fnMap":{"0":{"name":"(anonymous_0)","decl":{"start":{"line":9,"column":46},"end":{"line":9,"column":47}},"loc":{"start":{"line":9,"column":66},"end":{"line":18,"column":1}},"line":9}},"branchMap":{"0":{"loc":{"start":{"line":10,"column":25},"end":{"line":10,"column":39}},"type":"binary-expr","locations":[{"start":{"line":10,"column":25},"end":{"line":10,"column":33}},{"start":{"line":10,"column":37},"end":{"line":10,"column":39}}],"line":10},"1":{"loc":{"start":{"line":12,"column":2},"end":{"line":14,"column":3}},"type":"if","locations":[{"start":{"line":12,"column":2},"end":{"line":14,"column":3}},{"start":{},"end":{}}],"line":12}},"s":{"0":2,"1":2,"2":2,"3":2,"4":2,"5":2,"6":1,"7":1,"8":0,"9":1,"10":1,"11":2},"f":{"0":1},"b":{"0":[1,0],"1":[0,1]},"_coverageSchema":"1a1c01bbd47fc00a2c39e90264f33305004495a9","hash":"0313c23070cb784f24723cca7227037772641eca"}
,"/mnt/bucket/Kode/dev/JM-course-jinispati/mod72-ass12/MediScan/MediScan-server/src/routes/banners.js": {"path":"/mnt/bucket/Kode/dev/JM-course-jinispati/mod72-ass12/MediScan/MediScan-server/src/routes/banners.js","statementMap":{"0":{"start":{"line":1,"column":16},"end":{"line":1,"column":34}},"1":{"start":{"line":2,"column":34},"end":{"line":2,"column":57}},"2":{"start":{"line":3,"column":37},"end":{"line":3,"column":67}},"3":{"start":{"line":4,"column":49},"end":{"line":4,"column":83}},"4":{"start":{"line":6,"column":15},"end":{"line":6,"column":31}},"5":{"start":{"line":9,"column":0},"end":{"line":15,"column":3}},"6":{"start":{"line":10,"column":2},"end":{"line":14,"column":26}},"7":{"start":{"line":11,"column":33},"end":{"line":11,"column":46}},"8":{"start":{"line":12,"column":20},"end":{"line":12,"column":59}},"9":{"start":{"line":13,"column":4},"end":{"line":13,"column":22}},"10":{"start":{"line":14,"column":16},"end":{"line":14,"column":24}},"11":{"start":{"line":18,"column":0},"end":{"line":24,"column":3}},"12":{"start":{"line":19,"column":2},"end":{"line":23,"column":26}},"13":{"start":{"line":20,"column":33},"end":{"line":20,"column":46}},"14":{"start":{"line":21,"column":20},"end":{"line":21,"column":77}},"15":{"start":{"line":22,"column":4},"end":{"line":22,"column":22}},"16":{"start":{"line":23,"column":16},"end":{"line":23,"column":24}},"17":{"start":{"line":27,"column":0},"end":{"line":33,"column":3}},"18":{"start":{"line":28,"column":2},"end":{"line":32,"column":26}},"19":{"start":{"line":29,"column":33},"end":{"line":29,"column":46}},"20":{"start":{"line":30,"column":19},"end":{"line":30,"column":61}},"21":{"start":{"line":31,"column":4},"end":{"line":31,"column":21}},"22":{"start":{"line":32,"column":16},"end":{"line":32,"column":24}},"23":{"start":{"line":36,"column":0},"end":{"line":49,"column":3}},"24":{"start":{"line":37,"column":31},"end":{"line":37,"column":44}},"25":{"start":{"line":38,"column":13},"end":{"line":38,"column":26}},"26":{"start":{"line":39,"column":17},"end":{"line":39,"column":42}},"27":{"start":{"line":40,"column":25},"end":{"line":40,"column":101}},"28":{"start":{"line":40,"column":37},"end":{"line":40,"column":101}},"29":{"start":{"line":41,"column":33},"end":{"line":42,"column":98}},"30":{"start":{"line":42,"column":4},"end":{"line":42,"column":98}},"31":{"start":{"line":43,"column":2},"end":{"line":48,"column":3}},"32":{"start":{"line":44,"column":47},"end":{"line":44,"column":110}},"33":{"start":{"line":45,"column":4},"end":{"line":45,"column":51}},"34":{"start":{"line":47,"column":4},"end":{"line":47,"column":16}},"35":{"start":{"line":52,"column":0},"end":{"line":59,"column":3}},"36":{"start":{"line":53,"column":2},"end":{"line":58,"column":26}},"37":{"start":{"line":54,"column":33},"end":{"line":54,"column":46}},"38":{"start":{"line":55,"column":15},"end":{"line":55,"column":28}},"39":{"start":{"line":56,"column":19},"end":{"line":56,"column":78}},"40":{"start":{"line":57,"column":4},"end":{"line":57,"column":21}},"41":{"start":{"line":58,"column":16},"end":{"line":58,"column":24}},"42":{"start":{"line":61,"column":0},"end":{"line":61,"column":24}}},"fnMap":{"0":{"name":"(anonymous_0)","decl":{"start":{"line":9,"column":23},"end":{"line":9,"column":24}},"loc":{"start":{"line":9,"column":49},"end":{"line":15,"column":1}},"line":9},"1":{"name":"(anonymous_1)","decl":{"start":{"line":18,"column":30},"end":{"line":18,"column":31}},"loc":{"start":{"line":18,"column":56},"end":{"line":24,"column":1}},"line":18},"2":{"name":"(anonymous_2)","decl":{"start":{"line":27,"column":125},"end":{"line":27,"column":126}},"loc":{"start":{"line":27,"column":151},"end":{"line":33,"column":1}},"line":27},"3":{"name":"(anonymous_3)","decl":{"start":{"line":36,"column":91},"end":{"line":36,"column":92}},"loc":{"start":{"line":36,"column":117},"end":{"line":49,"column":1}},"line":36},"4":{"name":"(anonymous_4)","decl":{"start":{"line":40,"column":25},"end":{"line":40,"column":26}},"loc":{"start":{"line":40,"column":37},"end":{"line":40,"column":101}},"line":40},"5":{"name":"(anonymous_5)","decl":{"start":{"line":41,"column":33},"end":{"line":41,"column":34}},"loc":{"start":{"line":42,"column":4},"end":{"line":42,"column":98}},"line":42},"6":{"name":"(anonymous_6)","decl":{"start":{"line":52,"column":85},"end":{"line":52,"column":86}},"loc":{"start":{"line":52,"column":111},"end":{"line":59,"column":1}},"line":52}},"branchMap":{},"s":{"0":2,"1":2,"2":2,"3":2,"4":2,"5":2,"6":0,"7":0,"8":0,"9":0,"10":0,"11":2,"12":0,"13":0,"14":0,"15":0,"16":0,"17":2,"18":0,"19":0,"20":0,"21":0,"22":0,"23":2,"24":0,"25":0,"26":0,"27":0,"28":0,"29":0,"30":0,"31":0,"32":0,"33":0,"34":0,"35":2,"36":0,"37":0,"38":0,"39":0,"40":0,"41":0,"42":2},"f":{"0":0,"1":0,"2":0,"3":0,"4":0,"5":0,"6":0},"b":{},"_coverageSchema":"1a1c01bbd47fc00a2c39e90264f33305004495a9","hash":"1b51b474e560da1836ab02ac9d44ca322ee64891"}
,"/mnt/bucket/Kode/dev/JM-course-jinispati/mod72-ass12/MediScan/MediScan-server/src/routes/health.js": {"path":"/mnt/bucket/Kode/dev/JM-course-jinispati/mod72-ass12/MediScan/MediScan-server/src/routes/health.js","statementMap":{"0":{"start":{"line":1,"column":16},"end":{"line":1,"column":34}},"1":{"start":{"line":2,"column":15},"end":{"line":2,"column":31}},"2":{"start":{"line":4,"column":0},"end":{"line":6,"column":3}},"3":{"start":{"line":5,"column":2},"end":{"line":5,"column":34}},"4":{"start":{"line":8,"column":0},"end":{"line":10,"column":3}},"5":{"start":{"line":9,"column":2},"end":{"line":9,"column":29}},"6":{"start":{"line":12,"column":0},"end":{"line":14,"column":3}},"7":{"start":{"line":13,"column":2},"end":{"line":13,"column":32}},"8":{"start":{"line":16,"column":0},"end":{"line":16,"column":24}}},"fnMap":{"0":{"name":"(anonymous_0)","decl":{"start":{"line":4,"column":16},"end":{"line":4,"column":17}},"loc":{"start":{"line":4,"column":30},"end":{"line":6,"column":1}},"line":4},"1":{"name":"(anonymous_1)","decl":{"start":{"line":8,"column":23},"end":{"line":8,"column":24}},"loc":{"start":{"line":8,"column":37},"end":{"line":10,"column":1}},"line":8},"2":{"name":"(anonymous_2)","decl":{"start":{"line":12,"column":22},"end":{"line":12,"column":23}},"loc":{"start":{"line":12,"column":36},"end":{"line":14,"column":1}},"line":12}},"branchMap":{},"s":{"0":2,"1":2,"2":2,"3":0,"4":2,"5":0,"6":2,"7":0,"8":2},"f":{"0":0,"1":0,"2":0},"b":{},"_coverageSchema":"1a1c01bbd47fc00a2c39e90264f33305004495a9","hash":"3071a83d08b97bc411982e38eec8a40cd94d7825"}
,"/mnt/bucket/Kode/dev/JM-course-jinispati/mod72-ass12/MediScan/MediScan-server/src/routes/payments.js": {"path":"/mnt/bucket/Kode/dev/JM-course-jinispati/mod72-ass12/MediScan/MediScan-server/src/routes/payments.js","statementMap":{"0":{"start":{"line":1,"column":16},"end":{"line":1,"column":34}},"1":{"start":{"line":2,"column":15},"end":{"line":2,"column":39}},"2":{"start":{"line":3,"column":15},"end":{"line":3,"column":56}},"3":{"start":{"line":4,"column":34},"end":{"line":4,"column":57}},"4":{"start":{"line":5,"column":24},"end":{"line":5,"column":54}},"5":{"start":{"line":6,"column":69},"end":{"line":6,"column":103}},"6":{"start":{"line":8,"column":15},"end":{"line":8,"column":31}},"7":{"start":{"line":11,"column":29},"end":{"line":11,"column":42}},"8":{"start":{"line":12,"column":15},"end":{"line":12,"column":54}},"9":{"start":{"line":13,"column":2},"end":{"line":13,"column":25}},"10":{"start":{"line":17,"column":32},"end":{"line":17,"column":45}},"11":{"start":{"line":18,"column":18},"end":{"line":18,"column":83}},"12":{"start":{"line":19,"column":2},"end":{"line":19,"column":24}},"13":{"start":{"line":23,"column":2},"end":{"line":38,"column":3}},"14":{"start":{"line":24,"column":27},"end":{"line":24,"column":45}},"15":{"start":{"line":25,"column":24},"end":{"line":25,"column":40}},"16":{"start":{"line":27,"column":4},"end":{"line":29,"column":5}},"17":{"start":{"line":28,"column":6},"end":{"line":28,"column":70}},"18":{"start":{"line":31,"column":4},"end":{"line":33,"column":5}},"19":{"start":{"line":32,"column":6},"end":{"line":32,"column":20}},"20":{"start":{"line":35,"column":4},"end":{"line":35,"column":68}},"21":{"start":{"line":37,"column":4},"end":{"line":37,"column":19}},"22":{"start":{"line":42,"column":2},"end":{"line":57,"column":3}},"23":{"start":{"line":43,"column":27},"end":{"line":43,"column":45}},"24":{"start":{"line":44,"column":30},"end":{"line":44,"column":72}},"25":{"start":{"line":46,"column":4},"end":{"line":48,"column":5}},"26":{"start":{"line":47,"column":6},"end":{"line":47,"column":70}},"27":{"start":{"line":50,"column":4},"end":{"line":52,"column":5}},"28":{"start":{"line":51,"column":6},"end":{"line":51,"column":20}},"29":{"start":{"line":54,"column":4},"end":{"line":54,"column":68}},"30":{"start":{"line":56,"column":4},"end":{"line":56,"column":19}},"31":{"start":{"line":61,"column":19},"end":{"line":61,"column":21}},"32":{"start":{"line":63,"column":2},"end":{"line":65,"column":3}},"33":{"start":{"line":64,"column":4},"end":{"line":64,"column":42}},"34":{"start":{"line":67,"column":2},"end":{"line":111,"column":4}},"35":{"start":{"line":113,"column":2},"end":{"line":113,"column":18}},"36":{"start":{"line":117,"column":32},"end":{"line":117,"column":45}},"37":{"start":{"line":118,"column":2},"end":{"line":118,"column":91}},"38":{"start":{"line":122,"column":0},"end":{"line":133,"column":3}},"39":{"start":{"line":123,"column":2},"end":{"line":132,"column":26}},"40":{"start":{"line":124,"column":22},"end":{"line":124,"column":30}},"41":{"start":{"line":125,"column":19},"end":{"line":125,"column":40}},"42":{"start":{"line":126,"column":26},"end":{"line":130,"column":6}},"43":{"start":{"line":131,"column":4},"end":{"line":131,"column":60}},"44":{"start":{"line":132,"column":16},"end":{"line":132,"column":24}},"45":{"start":{"line":136,"column":0},"end":{"line":142,"column":3}},"46":{"start":{"line":137,"column":2},"end":{"line":141,"column":26}},"47":{"start":{"line":138,"column":34},"end":{"line":138,"column":47}},"48":{"start":{"line":139,"column":19},"end":{"line":139,"column":62}},"49":{"start":{"line":140,"column":4},"end":{"line":140,"column":21}},"50":{"start":{"line":141,"column":16},"end":{"line":141,"column":24}},"51":{"start":{"line":145,"column":0},"end":{"line":154,"column":3}},"52":{"start":{"line":146,"column":2},"end":{"line":153,"column":26}},"53":{"start":{"line":147,"column":4},"end":{"line":149,"column":5}},"54":{"start":{"line":148,"column":6},"end":{"line":148,"column":70}},"55":{"start":{"line":151,"column":25},"end":{"line":151,"column":53}},"56":{"start":{"line":152,"column":4},"end":{"line":152,"column":27}},"57":{"start":{"line":153,"column":16},"end":{"line":153,"column":24}},"58":{"start":{"line":157,"column":0},"end":{"line":163,"column":3}},"59":{"start":{"line":158,"column":2},"end":{"line":162,"column":26}},"60":{"start":{"line":159,"column":34},"end":{"line":159,"column":47}},"61":{"start":{"line":160,"column":21},"end":{"line":160,"column":109}},"62":{"start":{"line":161,"column":4},"end":{"line":161,"column":23}},"63":{"start":{"line":162,"column":16},"end":{"line":162,"column":24}},"64":{"start":{"line":166,"column":0},"end":{"line":171,"column":3}},"65":{"start":{"line":167,"column":2},"end":{"line":170,"column":26}},"66":{"start":{"line":168,"column":25},"end":{"line":168,"column":80}},"67":{"start":{"line":169,"column":4},"end":{"line":169,"column":27}},"68":{"start":{"line":170,"column":16},"end":{"line":170,"column":24}},"69":{"start":{"line":174,"column":0},"end":{"line":181,"column":3}},"70":{"start":{"line":175,"column":2},"end":{"line":180,"column":26}},"71":{"start":{"line":176,"column":34},"end":{"line":176,"column":47}},"72":{"start":{"line":177,"column":21},"end":{"line":177,"column":88}},"73":{"start":{"line":178,"column":20},"end":{"line":178,"column":49}},"74":{"start":{"line":178,"column":40},"end":{"line":178,"column":48}},"75":{"start":{"line":179,"column":4},"end":{"line":179,"column":22}},"76":{"start":{"line":180,"column":16},"end":{"line":180,"column":24}},"77":{"start":{"line":184,"column":0},"end":{"line":194,"column":3}},"78":{"start":{"line":185,"column":2},"end":{"line":193,"column":26}},"79":{"start":{"line":186,"column":4},"end":{"line":188,"column":5}},"80":{"start":{"line":187,"column":6},"end":{"line":187,"column":70}},"81":{"start":{"line":190,"column":34},"end":{"line":190,"column":47}},"82":{"start":{"line":191,"column":21},"end":{"line":191,"column":86}},"83":{"start":{"line":192,"column":4},"end":{"line":192,"column":23}},"84":{"start":{"line":193,"column":16},"end":{"line":193,"column":24}},"85":{"start":{"line":197,"column":0},"end":{"line":249,"column":3}},"86":{"start":{"line":198,"column":2},"end":{"line":248,"column":3}},"87":{"start":{"line":199,"column":34},"end":{"line":199,"column":47}},"88":{"start":{"line":200,"column":25},"end":{"line":244,"column":16}},"89":{"start":{"line":245,"column":4},"end":{"line":245,"column":27}},"90":{"start":{"line":247,"column":4},"end":{"line":247,"column":16}},"91":{"start":{"line":252,"column":0},"end":{"line":258,"column":3}},"92":{"start":{"line":253,"column":2},"end":{"line":257,"column":26}},"93":{"start":{"line":254,"column":34},"end":{"line":254,"column":47}},"94":{"start":{"line":255,"column":19},"end":{"line":255,"column":90}},"95":{"start":{"line":256,"column":4},"end":{"line":256,"column":21}},"96":{"start":{"line":257,"column":16},"end":{"line":257,"column":24}},"97":{"start":{"line":261,"column":0},"end":{"line":273,"column":3}},"98":{"start":{"line":262,"column":2},"end":{"line":272,"column":26}},"99":{"start":{"line":263,"column":4},"end":{"line":265,"column":5}},"100":{"start":{"line":264,"column":6},"end":{"line":264,"column":70}},"101":{"start":{"line":267,"column":34},"end":{"line":267,"column":47}},"102":{"start":{"line":268,"column":19},"end":{"line":268,"column":55}},"103":{"start":{"line":269,"column":22},"end":{"line":269,"column":88}},"104":{"start":{"line":270,"column":19},"end":{"line":270,"column":71}},"105":{"start":{"line":271,"column":4},"end":{"line":271,"column":21}},"106":{"start":{"line":272,"column":16},"end":{"line":272,"column":24}},"107":{"start":{"line":275,"column":0},"end":{"line":275,"column":24}}},"fnMap":{"0":{"name":"isAdminEmail","decl":{"start":{"line":10,"column":15},"end":{"line":10,"column":27}},"loc":{"start":{"line":10,"column":35},"end":{"line":14,"column":1}},"line":10},"1":{"name":"findPaymentOwnerEmail","decl":{"start":{"line":16,"column":15},"end":{"line":16,"column":36}},"loc":{"start":{"line":16,"column":48},"end":{"line":20,"column":1}},"line":16},"2":{"name":"verifySelfOrAdmin","decl":{"start":{"line":22,"column":15},"end":{"line":22,"column":32}},"loc":{"start":{"line":22,"column":49},"end":{"line":39,"column":1}},"line":22},"3":{"name":"verifyPaymentOwnerOrAdmin","decl":{"start":{"line":41,"column":15},"end":{"line":41,"column":40}},"loc":{"start":{"line":41,"column":57},"end":{"line":58,"column":1}},"line":41},"4":{"name":"buildPaymentTestLookupPipeline","decl":{"start":{"line":60,"column":9},"end":{"line":60,"column":39}},"loc":{"start":{"line":60,"column":57},"end":{"line":114,"column":1}},"line":60},"5":{"name":"getPaymentsWithTests","decl":{"start":{"line":116,"column":15},"end":{"line":116,"column":35}},"loc":{"start":{"line":116,"column":53},"end":{"line":119,"column":1}},"line":116},"6":{"name":"(anonymous_6)","decl":{"start":{"line":122,"column":64},"end":{"line":122,"column":65}},"loc":{"start":{"line":122,"column":90},"end":{"line":133,"column":1}},"line":122},"7":{"name":"(anonymous_7)","decl":{"start":{"line":136,"column":71},"end":{"line":136,"column":72}},"loc":{"start":{"line":136,"column":97},"end":{"line":142,"column":1}},"line":136},"8":{"name":"(anonymous_8)","decl":{"start":{"line":145,"column":37},"end":{"line":145,"column":38}},"loc":{"start":{"line":145,"column":63},"end":{"line":154,"column":1}},"line":145},"9":{"name":"(anonymous_9)","decl":{"start":{"line":157,"column":102},"end":{"line":157,"column":103}},"loc":{"start":{"line":157,"column":128},"end":{"line":163,"column":1}},"line":157},"10":{"name":"(anonymous_10)","decl":{"start":{"line":166,"column":92},"end":{"line":166,"column":93}},"loc":{"start":{"line":166,"column":118},"end":{"line":171,"column":1}},"line":166},"11":{"name":"(anonymous_11)","decl":{"start":{"line":174,"column":98},"end":{"line":174,"column":99}},"loc":{"start":{"line":174,"column":124},"end":{"line":181,"column":1}},"line":174},"12":{"name":"(anonymous_12)","decl":{"start":{"line":178,"column":33},"end":{"line":178,"column":34}},"loc":{"start":{"line":178,"column":40},"end":{"line":178,"column":48}},"line":178},"13":{"name":"(anonymous_13)","decl":{"start":{"line":184,"column":75},"end":{"line":184,"column":76}},"loc":{"start":{"line":184,"column":101},"end":{"line":194,"column":1}},"line":184},"14":{"name":"(anonymous_14)","decl":{"start":{"line":197,"column":26},"end":{"line":197,"column":27}},"loc":{"start":{"line":197,"column":52},"end":{"line":249,"column":1}},"line":197},"15":{"name":"(anonymous_15)","decl":{"start":{"line":252,"column":100},"end":{"line":252,"column":101}},"loc":{"start":{"line":252,"column":126},"end":{"line":258,"column":1}},"line":252},"16":{"name":"(anonymous_16)","decl":{"start":{"line":261,"column":72},"end":{"line":261,"column":73}},"loc":{"start":{"line":261,"column":98},"end":{"line":273,"column":1}},"line":261}},"branchMap":{"0":{"loc":{"start":{"line":27,"column":4},"end":{"line":29,"column":5}},"type":"if","locations":[{"start":{"line":27,"column":4},"end":{"line":29,"column":5}},{"start":{},"end":{}}],"line":27},"1":{"loc":{"start":{"line":27,"column":8},"end":{"line":27,"column":39}},"type":"binary-expr","locations":[{"start":{"line":27,"column":8},"end":{"line":27,"column":23}},{"start":{"line":27,"column":27},"end":{"line":27,"column":39}}],"line":27},"2":{"loc":{"start":{"line":31,"column":4},"end":{"line":33,"column":5}},"type":"if","locations":[{"start":{"line":31,"column":4},"end":{"line":33,"column":5}},{"start":{},"end":{}}],"line":31},"3":{"loc":{"start":{"line":31,"column":8},"end":{"line":31,"column":76}},"type":"binary-expr","locations":[{"start":{"line":31,"column":8},"end":{"line":31,"column":38}},{"start":{"line":31,"column":42},"end":{"line":31,"column":76}}],"line":31},"4":{"loc":{"start":{"line":46,"column":4},"end":{"line":48,"column":5}},"type":"if","locations":[{"start":{"line":46,"column":4},"end":{"line":48,"column":5}},{"start":{},"end":{}}],"line":46},"5":{"loc":{"start":{"line":46,"column":8},"end":{"line":46,"column":45}},"type":"binary-expr","locations":[{"start":{"line":46,"column":8},"end":{"line":46,"column":23}},{"start":{"line":46,"column":27},"end":{"line":46,"column":45}}],"line":46},"6":{"loc":{"start":{"line":50,"column":4},"end":{"line":52,"column":5}},"type":"if","locations":[{"start":{"line":50,"column":4},"end":{"line":52,"column":5}},{"start":{},"end":{}}],"line":50},"7":{"loc":{"start":{"line":50,"column":8},"end":{"line":50,"column":82}},"type":"binary-expr","locations":[{"start":{"line":50,"column":8},"end":{"line":50,"column":44}},{"start":{"line":50,"column":48},"end":{"line":50,"column":82}}],"line":50},"8":{"loc":{"start":{"line":60,"column":40},"end":{"line":60,"column":55}},"type":"default-arg","locations":[{"start":{"line":60,"column":53},"end":{"line":60,"column":55}}],"line":60},"9":{"loc":{"start":{"line":63,"column":2},"end":{"line":65,"column":3}},"type":"if","locations":[{"start":{"line":63,"column":2},"end":{"line":65,"column":3}},{"start":{},"end":{}}],"line":63},"10":{"loc":{"start":{"line":116,"column":36},"end":{"line":116,"column":51}},"type":"default-arg","locations":[{"start":{"line":116,"column":49},"end":{"line":116,"column":51}}],"line":116},"11":{"loc":{"start":{"line":147,"column":4},"end":{"line":149,"column":5}},"type":"if","locations":[{"start":{"line":147,"column":4},"end":{"line":149,"column":5}},{"start":{},"end":{}}],"line":147},"12":{"loc":{"start":{"line":186,"column":4},"end":{"line":188,"column":5}},"type":"if","locations":[{"start":{"line":186,"column":4},"end":{"line":188,"column":5}},{"start":{},"end":{}}],"line":186},"13":{"loc":{"start":{"line":263,"column":4},"end":{"line":265,"column":5}},"type":"if","locations":[{"start":{"line":263,"column":4},"end":{"line":265,"column":5}},{"start":{},"end":{}}],"line":263}},"s":{"0":2,"1":2,"2":2,"3":2,"4":2,"5":2,"6":2,"7":0,"8":0,"9":0,"10":0,"11":0,"12":0,"13":0,"14":0,"15":0,"16":0,"17":0,"18":0,"19":0,"20":0,"21":0,"22":0,"23":0,"24":0,"25":0,"26":0,"27":0,"28":0,"29":0,"30":0,"31":0,"32":0,"33":0,"34":0,"35":0,"36":0,"37":0,"38":2,"39":1,"40":1,"41":1,"42":1,"43":1,"44":0,"45":2,"46":1,"47":1,"48":1,"49":1,"50":0,"51":2,"52":0,"53":0,"54":0,"55":0,"56":0,"57":0,"58":2,"59":0,"60":0,"61":0,"62":0,"63":0,"64":2,"65":0,"66":0,"67":0,"68":0,"69":2,"70":0,"71":0,"72":0,"73":0,"74":0,"75":0,"76":0,"77":2,"78":0,"79":0,"80":0,"81":0,"82":0,"83":0,"84":0,"85":2,"86":1,"87":1,"88":1,"89":1,"90":0,"91":2,"92":0,"93":0,"94":0,"95":0,"96":0,"97":2,"98":0,"99":0,"100":0,"101":0,"102":0,"103":0,"104":0,"105":0,"106":0,"107":2},"f":{"0":0,"1":0,"2":0,"3":0,"4":0,"5":0,"6":1,"7":1,"8":0,"9":0,"10":0,"11":0,"12":0,"13":0,"14":1,"15":0,"16":0},"b":{"0":[0,0],"1":[0,0],"2":[0,0],"3":[0,0],"4":[0,0],"5":[0,0],"6":[0,0],"7":[0,0],"8":[0],"9":[0,0],"10":[0],"11":[0,0],"12":[0,0],"13":[0,0]},"_coverageSchema":"1a1c01bbd47fc00a2c39e90264f33305004495a9","hash":"5fac4e5eb633d22afc740320a08a8f5af2ce2c5c"}
,"/mnt/bucket/Kode/dev/JM-course-jinispati/mod72-ass12/MediScan/MediScan-server/src/routes/suggestions.js": {"path":"/mnt/bucket/Kode/dev/JM-course-jinispati/mod72-ass12/MediScan/MediScan-server/src/routes/suggestions.js","statementMap":{"0":{"start":{"line":1,"column":16},"end":{"line":1,"column":34}},"1":{"start":{"line":2,"column":24},"end":{"line":2,"column":47}},"2":{"start":{"line":4,"column":15},"end":{"line":4,"column":31}},"3":{"start":{"line":7,"column":0},"end":{"line":13,"column":3}},"4":{"start":{"line":8,"column":2},"end":{"line":12,"column":26}},"5":{"start":{"line":9,"column":37},"end":{"line":9,"column":50}},"6":{"start":{"line":10,"column":24},"end":{"line":10,"column":67}},"7":{"start":{"line":11,"column":4},"end":{"line":11,"column":26}},"8":{"start":{"line":12,"column":16},"end":{"line":12,"column":24}},"9":{"start":{"line":15,"column":0},"end":{"line":15,"column":24}}},"fnMap":{"0":{"name":"(anonymous_0)","decl":{"start":{"line":7,"column":27},"end":{"line":7,"column":28}},"loc":{"start":{"line":7,"column":53},"end":{"line":13,"column":1}},"line":7}},"branchMap":{},"s":{"0":2,"1":2,"2":2,"3":2,"4":0,"5":0,"6":0,"7":0,"8":0,"9":2},"f":{"0":0},"b":{},"_coverageSchema":"1a1c01bbd47fc00a2c39e90264f33305004495a9","hash":"076e3f4950af68b716c12a45ee96255a1fd932a1"}
,"/mnt/bucket/Kode/dev/JM-course-jinispati/mod72-ass12/MediScan/MediScan-server/src/routes/tests.js": {"path":"/mnt/bucket/Kode/dev/JM-course-jinispati/mod72-ass12/MediScan/MediScan-server/src/routes/tests.js","statementMap":{"0":{"start":{"line":1,"column":16},"end":{"line":1,"column":34}},"1":{"start":{"line":2,"column":34},"end":{"line":2,"column":57}},"2":{"start":{"line":3,"column":37},"end":{"line":3,"column":67}},"3":{"start":{"line":4,"column":49},"end":{"line":4,"column":83}},"4":{"start":{"line":6,"column":15},"end":{"line":6,"column":31}},"5":{"start":{"line":9,"column":0},"end":{"line":15,"column":3}},"6":{"start":{"line":10,"column":2},"end":{"line":14,"column":26}},"7":{"start":{"line":11,"column":31},"end":{"line":11,"column":44}},"8":{"start":{"line":12,"column":18},"end":{"line":12,"column":55}},"9":{"start":{"line":13,"column":4},"end":{"line":13,"column":20}},"10":{"start":{"line":14,"column":16},"end":{"line":14,"column":24}},"11":{"start":{"line":18,"column":0},"end":{"line":26,"column":3}},"12":{"start":{"line":19,"column":2},"end":{"line":25,"column":26}},"13":{"start":{"line":20,"column":31},"end":{"line":20,"column":44}},"14":{"start":{"line":21,"column":15},"end":{"line":21,"column":28}},"15":{"start":{"line":22,"column":15},"end":{"line":22,"column":56}},"16":{"start":{"line":23,"column":4},"end":{"line":23,"column":78}},"17":{"start":{"line":23,"column":15},"end":{"line":23,"column":78}},"18":{"start":{"line":24,"column":4},"end":{"line":24,"column":19}},"19":{"start":{"line":25,"column":16},"end":{"line":25,"column":24}},"20":{"start":{"line":29,"column":0},"end":{"line":35,"column":3}},"21":{"start":{"line":30,"column":2},"end":{"line":34,"column":26}},"22":{"start":{"line":31,"column":31},"end":{"line":31,"column":44}},"23":{"start":{"line":32,"column":19},"end":{"line":32,"column":59}},"24":{"start":{"line":33,"column":4},"end":{"line":33,"column":21}},"25":{"start":{"line":34,"column":16},"end":{"line":34,"column":24}},"26":{"start":{"line":38,"column":0},"end":{"line":50,"column":3}},"27":{"start":{"line":39,"column":2},"end":{"line":49,"column":26}},"28":{"start":{"line":40,"column":31},"end":{"line":40,"column":44}},"29":{"start":{"line":41,"column":15},"end":{"line":41,"column":28}},"30":{"start":{"line":42,"column":16},"end":{"line":42,"column":41}},"31":{"start":{"line":43,"column":17},"end":{"line":43,"column":54}},"32":{"start":{"line":44,"column":4},"end":{"line":47,"column":5}},"33":{"start":{"line":45,"column":6},"end":{"line":45,"column":26}},"34":{"start":{"line":46,"column":6},"end":{"line":46,"column":53}},"35":{"start":{"line":48,"column":4},"end":{"line":48,"column":21}},"36":{"start":{"line":49,"column":16},"end":{"line":49,"column":24}},"37":{"start":{"line":53,"column":0},"end":{"line":75,"column":3}},"38":{"start":{"line":54,"column":2},"end":{"line":74,"column":26}},"39":{"start":{"line":55,"column":31},"end":{"line":55,"column":44}},"40":{"start":{"line":56,"column":15},"end":{"line":56,"column":28}},"41":{"start":{"line":57,"column":17},"end":{"line":57,"column":42}},"42":{"start":{"line":58,"column":22},"end":{"line":67,"column":5}},"43":{"start":{"line":68,"column":17},"end":{"line":68,"column":66}},"44":{"start":{"line":69,"column":4},"end":{"line":72,"column":5}},"45":{"start":{"line":70,"column":6},"end":{"line":70,"column":27}},"46":{"start":{"line":71,"column":6},"end":{"line":71,"column":65}},"47":{"start":{"line":73,"column":4},"end":{"line":73,"column":21}},"48":{"start":{"line":74,"column":16},"end":{"line":74,"column":24}},"49":{"start":{"line":78,"column":0},"end":{"line":89,"column":3}},"50":{"start":{"line":79,"column":2},"end":{"line":88,"column":26}},"51":{"start":{"line":80,"column":31},"end":{"line":80,"column":44}},"52":{"start":{"line":81,"column":15},"end":{"line":81,"column":28}},"53":{"start":{"line":82,"column":19},"end":{"line":82,"column":44}},"54":{"start":{"line":83,"column":25},"end":{"line":83,"column":61}},"55":{"start":{"line":84,"column":18},"end":{"line":84,"column":42}},"56":{"start":{"line":85,"column":22},"end":{"line":85,"column":52}},"57":{"start":{"line":86,"column":19},"end":{"line":86,"column":68}},"58":{"start":{"line":87,"column":4},"end":{"line":87,"column":21}},"59":{"start":{"line":88,"column":16},"end":{"line":88,"column":24}},"60":{"start":{"line":91,"column":0},"end":{"line":91,"column":24}}},"fnMap":{"0":{"name":"(anonymous_0)","decl":{"start":{"line":9,"column":21},"end":{"line":9,"column":22}},"loc":{"start":{"line":9,"column":47},"end":{"line":15,"column":1}},"line":9},"1":{"name":"(anonymous_1)","decl":{"start":{"line":18,"column":54},"end":{"line":18,"column":55}},"loc":{"start":{"line":18,"column":80},"end":{"line":26,"column":1}},"line":18},"2":{"name":"(anonymous_2)","decl":{"start":{"line":29,"column":119},"end":{"line":29,"column":120}},"loc":{"start":{"line":29,"column":145},"end":{"line":35,"column":1}},"line":29},"3":{"name":"(anonymous_3)","decl":{"start":{"line":38,"column":83},"end":{"line":38,"column":84}},"loc":{"start":{"line":38,"column":109},"end":{"line":50,"column":1}},"line":38},"4":{"name":"(anonymous_4)","decl":{"start":{"line":53,"column":153},"end":{"line":53,"column":154}},"loc":{"start":{"line":53,"column":179},"end":{"line":75,"column":1}},"line":53},"5":{"name":"(anonymous_5)","decl":{"start":{"line":78,"column":88},"end":{"line":78,"column":89}},"loc":{"start":{"line":78,"column":114},"end":{"line":89,"column":1}},"line":78}},"branchMap":{"0":{"loc":{"start":{"line":23,"column":4},"end":{"line":23,"column":78}},"type":"if","locations":[{"start":{"line":23,"column":4},"end":{"line":23,"column":78}},{"start":{},"end":{}}],"line":23},"1":{"loc":{"start":{"line":44,"column":4},"end":{"line":47,"column":5}},"type":"if","locations":[{"start":{"line":44,"column":4},"end":{"line":47,"column":5}},{"start":{},"end":{}}],"line":44},"2":{"loc":{"start":{"line":69,"column":4},"end":{"line":72,"column":5}},"type":"if","locations":[{"start":{"line":69,"column":4},"end":{"line":72,"column":5}},{"start":{},"end":{}}],"line":69},"3":{"loc":{"start":{"line":84,"column":18},"end":{"line":84,"column":42}},"type":"binary-expr","locations":[{"start":{"line":84,"column":18},"end":{"line":84,"column":37}},{"start":{"line":84,"column":41},"end":{"line":84,"column":42}}],"line":84}},"s":{"0":2,"1":2,"2":2,"3":2,"4":2,"5":2,"6":0,"7":0,"8":0,"9":0,"10":0,"11":2,"12":0,"13":0,"14":0,"15":0,"16":0,"17":0,"18":0,"19":0,"20":2,"21":0,"22":0,"23":0,"24":0,"25":0,"26":2,"27":0,"28":0,"29":0,"30":0,"31":0,"32":0,"33":0,"34":0,"35":0,"36":0,"37":2,"38":0,"39":0,"40":0,"41":0,"42":0,"43":0,"44":0,"45":0,"46":0,"47":0,"48":0,"49":2,"50":0,"51":0,"52":0,"53":0,"54":0,"55":0,"56":0,"57":0,"58":0,"59":0,"60":2},"f":{"0":0,"1":0,"2":0,"3":0,"4":0,"5":0},"b":{"0":[0,0],"1":[0,0],"2":[0,0],"3":[0,0]},"_coverageSchema":"1a1c01bbd47fc00a2c39e90264f33305004495a9","hash":"8769347e010746b3631f7a33e3770e82a22f4c53"}
,"/mnt/bucket/Kode/dev/JM-course-jinispati/mod72-ass12/MediScan/MediScan-server/src/routes/users.js": {"path":"/mnt/bucket/Kode/dev/JM-course-jinispati/mod72-ass12/MediScan/MediScan-server/src/routes/users.js","statementMap":{"0":{"start":{"line":1,"column":16},"end":{"line":1,"column":34}},"1":{"start":{"line":2,"column":34},"end":{"line":2,"column":57}},"2":{"start":{"line":3,"column":37},"end":{"line":3,"column":67}},"3":{"start":{"line":4,"column":69},"end":{"line":4,"column":103}},"4":{"start":{"line":6,"column":15},"end":{"line":6,"column":31}},"5":{"start":{"line":9,"column":0},"end":{"line":15,"column":3}},"6":{"start":{"line":10,"column":2},"end":{"line":14,"column":26}},"7":{"start":{"line":11,"column":31},"end":{"line":11,"column":44}},"8":{"start":{"line":12,"column":18},"end":{"line":12,"column":55}},"9":{"start":{"line":13,"column":4},"end":{"line":13,"column":20}},"10":{"start":{"line":14,"column":16},"end":{"line":14,"column":24}},"11":{"start":{"line":18,"column":0},"end":{"line":24,"column":3}},"12":{"start":{"line":19,"column":2},"end":{"line":23,"column":26}},"13":{"start":{"line":20,"column":31},"end":{"line":20,"column":44}},"14":{"start":{"line":21,"column":18},"end":{"line":21,"column":82}},"15":{"start":{"line":22,"column":4},"end":{"line":22,"column":20}},"16":{"start":{"line":23,"column":16},"end":{"line":23,"column":24}},"17":{"start":{"line":27,"column":0},"end":{"line":33,"column":3}},"18":{"start":{"line":28,"column":2},"end":{"line":32,"column":26}},"19":{"start":{"line":29,"column":31},"end":{"line":29,"column":44}},"20":{"start":{"line":30,"column":19},"end":{"line":30,"column":59}},"21":{"start":{"line":31,"column":4},"end":{"line":31,"column":21}},"22":{"start":{"line":32,"column":16},"end":{"line":32,"column":24}},"23":{"start":{"line":36,"column":0},"end":{"line":52,"column":3}},"24":{"start":{"line":37,"column":2},"end":{"line":51,"column":26}},"25":{"start":{"line":38,"column":31},"end":{"line":38,"column":44}},"26":{"start":{"line":39,"column":18},"end":{"line":39,"column":34}},"27":{"start":{"line":40,"column":22},"end":{"line":48,"column":5}},"28":{"start":{"line":49,"column":19},"end":{"line":49,"column":71}},"29":{"start":{"line":50,"column":4},"end":{"line":50,"column":21}},"30":{"start":{"line":51,"column":16},"end":{"line":51,"column":24}},"31":{"start":{"line":55,"column":0},"end":{"line":65,"column":3}},"32":{"start":{"line":56,"column":2},"end":{"line":64,"column":26}},"33":{"start":{"line":57,"column":31},"end":{"line":57,"column":44}},"34":{"start":{"line":58,"column":15},"end":{"line":58,"column":28}},"35":{"start":{"line":59,"column":19},"end":{"line":59,"column":44}},"36":{"start":{"line":60,"column":25},"end":{"line":60,"column":61}},"37":{"start":{"line":61,"column":20},"end":{"line":61,"column":42}},"38":{"start":{"line":62,"column":19},"end":{"line":62,"column":89}},"39":{"start":{"line":63,"column":4},"end":{"line":63,"column":21}},"40":{"start":{"line":64,"column":16},"end":{"line":64,"column":24}},"41":{"start":{"line":68,"column":0},"end":{"line":78,"column":3}},"42":{"start":{"line":69,"column":2},"end":{"line":77,"column":26}},"43":{"start":{"line":70,"column":31},"end":{"line":70,"column":44}},"44":{"start":{"line":71,"column":15},"end":{"line":71,"column":28}},"45":{"start":{"line":72,"column":19},"end":{"line":72,"column":44}},"46":{"start":{"line":73,"column":25},"end":{"line":73,"column":61}},"47":{"start":{"line":74,"column":22},"end":{"line":74,"column":43}},"48":{"start":{"line":75,"column":19},"end":{"line":75,"column":90}},"49":{"start":{"line":76,"column":4},"end":{"line":76,"column":21}},"50":{"start":{"line":77,"column":16},"end":{"line":77,"column":24}},"51":{"start":{"line":81,"column":0},"end":{"line":88,"column":3}},"52":{"start":{"line":82,"column":2},"end":{"line":87,"column":26}},"53":{"start":{"line":83,"column":31},"end":{"line":83,"column":44}},"54":{"start":{"line":84,"column":18},"end":{"line":84,"column":34}},"55":{"start":{"line":85,"column":17},"end":{"line":85,"column":56}},"56":{"start":{"line":86,"column":4},"end":{"line":86,"column":43}},"57":{"start":{"line":87,"column":16},"end":{"line":87,"column":24}},"58":{"start":{"line":91,"column":0},"end":{"line":98,"column":3}},"59":{"start":{"line":92,"column":2},"end":{"line":97,"column":26}},"60":{"start":{"line":93,"column":31},"end":{"line":93,"column":44}},"61":{"start":{"line":94,"column":18},"end":{"line":94,"column":34}},"62":{"start":{"line":95,"column":17},"end":{"line":95,"column":56}},"63":{"start":{"line":96,"column":4},"end":{"line":96,"column":43}},"64":{"start":{"line":97,"column":16},"end":{"line":97,"column":24}},"65":{"start":{"line":100,"column":0},"end":{"line":100,"column":24}}},"fnMap":{"0":{"name":"(anonymous_0)","decl":{"start":{"line":9,"column":47},"end":{"line":9,"column":48}},"loc":{"start":{"line":9,"column":73},"end":{"line":15,"column":1}},"line":9},"1":{"name":"(anonymous_1)","decl":{"start":{"line":18,"column":83},"end":{"line":18,"column":84}},"loc":{"start":{"line":18,"column":109},"end":{"line":24,"column":1}},"line":18},"2":{"name":"(anonymous_2)","decl":{"start":{"line":27,"column":133},"end":{"line":27,"column":134}},"loc":{"start":{"line":27,"column":159},"end":{"line":33,"column":1}},"line":27},"3":{"name":"(anonymous_3)","decl":{"start":{"line":36,"column":146},"end":{"line":36,"column":147}},"loc":{"start":{"line":36,"column":172},"end":{"line":52,"column":1}},"line":36},"4":{"name":"(anonymous_4)","decl":{"start":{"line":55,"column":88},"end":{"line":55,"column":89}},"loc":{"start":{"line":55,"column":114},"end":{"line":65,"column":1}},"line":55},"5":{"name":"(anonymous_5)","decl":{"start":{"line":68,"column":89},"end":{"line":68,"column":90}},"loc":{"start":{"line":68,"column":115},"end":{"line":78,"column":1}},"line":68},"6":{"name":"(anonymous_6)","decl":{"start":{"line":81,"column":63},"end":{"line":81,"column":64}},"loc":{"start":{"line":81,"column":89},"end":{"line":88,"column":1}},"line":81},"7":{"name":"(anonymous_7)","decl":{"start":{"line":91,"column":64},"end":{"line":91,"column":65}},"loc":{"start":{"line":91,"column":90},"end":{"line":98,"column":1}},"line":91}},"branchMap":{},"s":{"0":2,"1":2,"2":2,"3":2,"4":2,"5":2,"6":0,"7":0,"8":0,"9":0,"10":0,"11":2,"12":0,"13":0,"14":0,"15":0,"16":0,"17":2,"18":0,"19":0,"20":0,"21":0,"22":0,"23":2,"24":0,"25":0,"26":0,"27":0,"28":0,"29":0,"30":0,"31":2,"32":0,"33":0,"34":0,"35":0,"36":0,"37":0,"38":0,"39":0,"40":0,"41":2,"42":0,"43":0,"44":0,"45":0,"46":0,"47":0,"48":0,"49":0,"50":0,"51":2,"52":0,"53":0,"54":0,"55":0,"56":0,"57":0,"58":2,"59":0,"60":0,"61":0,"62":0,"63":0,"64":0,"65":2},"f":{"0":0,"1":0,"2":0,"3":0,"4":0,"5":0,"6":0,"7":0},"b":{},"_coverageSchema":"1a1c01bbd47fc00a2c39e90264f33305004495a9","hash":"05532b5b32b1875d2cdbe03ac6350e9cd6def76a"}
}
