TN:
SF:src/app.js
FNF:0
FNH:0
DA:1,2
DA:2,2
DA:3,2
DA:4,2
DA:5,2
DA:6,2
DA:7,2
DA:8,2
DA:9,2
DA:10,2
DA:12,2
DA:15,2
DA:18,2
DA:19,2
DA:20,2
DA:21,2
DA:22,2
DA:23,2
DA:24,2
DA:27,2
DA:28,2
DA:30,2
LF:22
LH:22
BRF:0
BRH:0
end_of_record
TN:
SF:src/config/db.js
FN:6,getClient
FN:19,connectDB
FN:25,closeDB
FN:32,getDb
FN:36,collections
FNF:5
FNH:0
FNDA:0,getClient
FNDA:0,connectDB
FNDA:0,closeDB
FNDA:0,getDb
FNDA:0,collections
DA:1,2
DA:2,2
DA:7,0
DA:8,0
DA:16,0
DA:20,0
DA:21,0
DA:22,0
DA:26,0
DA:27,0
DA:28,0
DA:33,0
DA:37,0
DA:38,0
DA:47,2
LF:15
LH:3
BRDA:7,0,0,0
BRDA:7,0,1,0
BRDA:26,1,0,0
BRDA:26,1,1,0
BRF:4
BRH:0
end_of_record
TN:
SF:src/config/env.js
FN:4,requiredEnv
FN:12,buildLegacyMongoUri
FN:36,(anonymous_2)
FNF:3
FNH:2
FNDA:3,requiredEnv
FNDA:0,buildLegacyMongoUri
FNDA:3,(anonymous_2)
DA:1,3
DA:2,3
DA:5,3
DA:6,3
DA:7,0
DA:9,3
DA:13,0
DA:14,0
DA:16,0
DA:17,0
DA:20,0
DA:23,3
DA:25,3
DA:26,0
DA:29,3
DA:36,3
DA:39,3
LF:17
LH:10
BRDA:6,0,0,0
BRDA:6,0,1,3
BRDA:16,1,0,0
BRDA:16,1,1,0
BRDA:16,2,0,0
BRDA:16,2,1,0
BRDA:23,3,0,3
BRDA:23,3,1,0
BRDA:25,4,0,0
BRDA:25,4,1,3
BRDA:30,5,0,3
BRDA:30,5,1,0
BRDA:31,6,0,3
BRDA:31,6,1,3
BRDA:36,7,0,3
BRDA:36,7,1,3
BRF:16
BRH:8
end_of_record
TN:
SF:src/middlewares/auth.js
FN:5,verifyToken
FN:12,(anonymous_1)
FN:22,verifyAdmin
FNF:3
FNH:0
FNDA:0,verifyToken
FNDA:0,(anonymous_1)
FNDA:0,verifyAdmin
DA:1,2
DA:2,2
DA:3,2
DA:6,0
DA:7,0
DA:8,0
DA:9,0
DA:11,0
DA:12,0
DA:13,0
DA:14,0
DA:15,0
DA:18,0
DA:23,0
DA:24,0
DA:25,0
DA:26,0
DA:27,0
DA:28,0
DA:29,0
DA:31,0
DA:35,2
LF:22
LH:4
BRDA:7,0,0,0
BRDA:7,0,1,0
BRDA:8,1,0,0
BRDA:8,1,1,0
BRDA:13,2,0,0
BRDA:13,2,1,0
BRDA:25,3,0,0
BRDA:25,3,1,0
BRDA:28,4,0,0
BRDA:28,4,1,0
BRF:10
BRH:0
end_of_record
TN:
SF:src/middlewares/error.js
FN:1,notFound
FN:6,errorHandler
FNF:2
FNH:0
FNDA:0,notFound
FNDA:0,errorHandler
DA:2,0
DA:7,0
DA:8,0
DA:9,0
DA:12,2
LF:5
LH:1
BRDA:8,0,0,0
BRDA:8,0,1,0
BRDA:9,1,0,0
BRDA:9,1,1,0
BRF:4
BRH:0
end_of_record
TN:
SF:src/middlewares/security.js
FN:7,buildCors
FN:12,(anonymous_1)
FN:20,applySecurity
FN:24,(anonymous_3)
FNF:4
FNH:3
FNDA:2,buildCors
FNDA:0,(anonymous_1)
FNDA:2,applySecurity
FNDA:5,(anonymous_3)
DA:1,2
DA:2,2
DA:3,2
DA:4,2
DA:5,2
DA:8,2
DA:9,2
DA:11,0
DA:13,0
DA:14,0
DA:21,2
DA:22,2
DA:23,2
DA:24,2
DA:25,5
DA:26,5
DA:29,2
DA:32,2
DA:33,2
DA:34,2
DA:37,2
LF:21
LH:18
BRDA:8,0,0,2
BRDA:8,0,1,0
BRDA:8,1,0,2
BRDA:8,1,1,2
BRDA:13,2,0,0
BRDA:13,2,1,0
BRDA:13,3,0,0
BRDA:13,3,1,0
BRF:8
BRH:3
end_of_record
TN:
SF:src/middlewares/validate.js
FN:3,reject
FN:7,requireFields
FN:8,(anonymous_2)
FN:9,(anonymous_3)
FN:17,validateObjectIdParam
FN:18,(anonymous_5)
FN:27,validateEmailParam
FN:28,(anonymous_7)
FNF:8
FNH:8
FNDA:4,reject
FNDA:17,requireFields
FNDA:5,(anonymous_2)
FNDA:8,(anonymous_3)
FNDA:23,validateObjectIdParam
FNDA:1,(anonymous_5)
FNDA:15,validateEmailParam
FNDA:1,(anonymous_7)
DA:1,3
DA:4,4
DA:8,17
DA:9,8
DA:10,5
DA:11,2
DA:13,3
DA:18,23
DA:19,1
DA:20,1
DA:21,1
DA:23,0
DA:28,15
DA:29,1
DA:30,1
DA:31,1
DA:33,0
DA:37,3
LF:18
LH:16
BRDA:9,0,0,8
BRDA:9,0,1,6
BRDA:9,0,2,6
BRDA:10,1,0,2
BRDA:10,1,1,3
BRDA:20,2,0,1
BRDA:20,2,1,0
BRDA:20,3,0,1
BRDA:20,3,1,1
BRDA:30,4,0,1
BRDA:30,4,1,0
BRDA:30,5,0,1
BRDA:30,5,1,1
BRDA:30,5,2,1
BRF:14
BRH:12
end_of_record
TN:
SF:src/routes/auth.js
FN:9,(anonymous_0)
FNF:1
FNH:1
FNDA:1,(anonymous_0)
DA:1,2
DA:2,2
DA:3,2
DA:4,2
DA:6,2
DA:9,2
DA:10,1
DA:12,1
DA:13,0
DA:16,1
DA:17,1
DA:20,2
LF:12
LH:11
BRDA:10,0,0,1
BRDA:10,0,1,0
BRDA:12,1,0,0
BRDA:12,1,1,1
BRF:4
BRH:2
end_of_record
TN:
SF:src/routes/banners.js
FN:9,(anonymous_0)
FN:18,(anonymous_1)
FN:27,(anonymous_2)
FN:36,(anonymous_3)
FN:40,(anonymous_4)
FN:41,(anonymous_5)
FN:52,(anonymous_6)
FNF:7
FNH:0
FNDA:0,(anonymous_0)
FNDA:0,(anonymous_1)
FNDA:0,(anonymous_2)
FNDA:0,(anonymous_3)
FNDA:0,(anonymous_4)
FNDA:0,(anonymous_5)
FNDA:0,(anonymous_6)
DA:1,2
DA:2,2
DA:3,2
DA:4,2
DA:6,2
DA:9,2
DA:10,0
DA:11,0
DA:12,0
DA:13,0
DA:14,0
DA:18,2
DA:19,0
DA:20,0
DA:21,0
DA:22,0
DA:23,0
DA:27,2
DA:28,0
DA:29,0
DA:30,0
DA:31,0
DA:32,0
DA:36,2
DA:37,0
DA:38,0
DA:39,0
DA:40,0
DA:41,0
DA:42,0
DA:43,0
DA:44,0
DA:45,0
DA:47,0
DA:52,2
DA:53,0
DA:54,0
DA:55,0
DA:56,0
DA:57,0
DA:58,0
DA:61,2
LF:42
LH:11
BRF:0
BRH:0
end_of_record
TN:
SF:src/routes/health.js
FN:4,(anonymous_0)
FN:8,(anonymous_1)
FN:12,(anonymous_2)
FNF:3
FNH:0
FNDA:0,(anonymous_0)
FNDA:0,(anonymous_1)
FNDA:0,(anonymous_2)
DA:1,2
DA:2,2
DA:4,2
DA:5,0
DA:8,2
DA:9,0
DA:12,2
DA:13,0
DA:16,2
LF:9
LH:6
BRF:0
BRH:0
end_of_record
TN:
SF:src/routes/payments.js
FN:10,isAdminEmail
FN:16,findPaymentOwnerEmail
FN:22,verifySelfOrAdmin
FN:41,verifyPaymentOwnerOrAdmin
FN:60,buildPaymentTestLookupPipeline
FN:116,getPaymentsWithTests
FN:122,(anonymous_6)
FN:136,(anonymous_7)
FN:145,(anonymous_8)
FN:157,(anonymous_9)
FN:166,(anonymous_10)
FN:174,(anonymous_11)
FN:178,(anonymous_12)
FN:184,(anonymous_13)
FN:197,(anonymous_14)
FN:252,(anonymous_15)
FN:261,(anonymous_16)
FNF:17
FNH:3
FNDA:0,isAdminEmail
FNDA:0,findPaymentOwnerEmail
FNDA:0,verifySelfOrAdmin
FNDA:0,verifyPaymentOwnerOrAdmin
FNDA:0,buildPaymentTestLookupPipeline
FNDA:0,getPaymentsWithTests
FNDA:1,(anonymous_6)
FNDA:1,(anonymous_7)
FNDA:0,(anonymous_8)
FNDA:0,(anonymous_9)
FNDA:0,(anonymous_10)
FNDA:0,(anonymous_11)
FNDA:0,(anonymous_12)
FNDA:0,(anonymous_13)
FNDA:1,(anonymous_14)
FNDA:0,(anonymous_15)
FNDA:0,(anonymous_16)
DA:1,2
DA:2,2
DA:3,2
DA:4,2
DA:5,2
DA:6,2
DA:8,2
DA:11,0
DA:12,0
DA:13,0
DA:17,0
DA:18,0
DA:19,0
DA:23,0
DA:24,0
DA:25,0
DA:27,0
DA:28,0
DA:31,0
DA:32,0
DA:35,0
DA:37,0
DA:42,0
DA:43,0
DA:44,0
DA:46,0
DA:47,0
DA:50,0
DA:51,0
DA:54,0
DA:56,0
DA:61,0
DA:63,0
DA:64,0
DA:67,0
DA:113,0
DA:117,0
DA:118,0
DA:122,2
DA:123,1
DA:124,1
DA:125,1
DA:126,1
DA:131,1
DA:132,0
DA:136,2
DA:137,1
DA:138,1
DA:139,1
DA:140,1
DA:141,0
DA:145,2
DA:146,0
DA:147,0
DA:148,0
DA:151,0
DA:152,0
DA:153,0
DA:157,2
DA:158,0
DA:159,0
DA:160,0
DA:161,0
DA:162,0
DA:166,2
DA:167,0
DA:168,0
DA:169,0
DA:170,0
DA:174,2
DA:175,0
DA:176,0
DA:177,0
DA:178,0
DA:179,0
DA:180,0
DA:184,2
DA:185,0
DA:186,0
DA:187,0
DA:190,0
DA:191,0
DA:192,0
DA:193,0
DA:197,2
DA:198,1
DA:199,1
DA:200,1
DA:245,1
DA:247,0
DA:252,2
DA:253,0
DA:254,0
DA:255,0
DA:256,0
DA:257,0
DA:261,2
DA:262,0
DA:263,0
DA:264,0
DA:267,0
DA:268,0
DA:269,0
DA:270,0
DA:271,0
DA:272,0
DA:275,2
LF:107
LH:31
BRDA:27,0,0,0
BRDA:27,0,1,0
BRDA:27,1,0,0
BRDA:27,1,1,0
BRDA:31,2,0,0
BRDA:31,2,1,0
BRDA:31,3,0,0
BRDA:31,3,1,0
BRDA:46,4,0,0
BRDA:46,4,1,0
BRDA:46,5,0,0
BRDA:46,5,1,0
BRDA:50,6,0,0
BRDA:50,6,1,0
BRDA:50,7,0,0
BRDA:50,7,1,0
BRDA:60,8,0,0
BRDA:63,9,0,0
BRDA:63,9,1,0
BRDA:116,10,0,0
BRDA:147,11,0,0
BRDA:147,11,1,0
BRDA:186,12,0,0
BRDA:186,12,1,0
BRDA:263,13,0,0
BRDA:263,13,1,0
BRF:26
BRH:0
end_of_record
TN:
SF:src/routes/suggestions.js
FN:7,(anonymous_0)
FNF:1
FNH:0
FNDA:0,(anonymous_0)
DA:1,2
DA:2,2
DA:4,2
DA:7,2
DA:8,0
DA:9,0
DA:10,0
DA:11,0
DA:12,0
DA:15,2
LF:10
LH:5
BRF:0
BRH:0
end_of_record
TN:
SF:src/routes/tests.js
FN:9,(anonymous_0)
FN:18,(anonymous_1)
FN:29,(anonymous_2)
FN:38,(anonymous_3)
FN:53,(anonymous_4)
FN:78,(anonymous_5)
FNF:6
FNH:0
FNDA:0,(anonymous_0)
FNDA:0,(anonymous_1)
FNDA:0,(anonymous_2)
FNDA:0,(anonymous_3)
FNDA:0,(anonymous_4)
FNDA:0,(anonymous_5)
DA:1,2
DA:2,2
DA:3,2
DA:4,2
DA:6,2
DA:9,2
DA:10,0
DA:11,0
DA:12,0
DA:13,0
DA:14,0
DA:18,2
DA:19,0
DA:20,0
DA:21,0
DA:22,0
DA:23,0
DA:24,0
DA:25,0
DA:29,2
DA:30,0
DA:31,0
DA:32,0
DA:33,0
DA:34,0
DA:38,2
DA:39,0
DA:40,0
DA:41,0
DA:42,0
DA:43,0
DA:44,0
DA:45,0
DA:46,0
DA:48,0
DA:49,0
DA:53,2
DA:54,0
DA:55,0
DA:56,0
DA:57,0
DA:58,0
DA:68,0
DA:69,0
DA:70,0
DA:71,0
DA:73,0
DA:74,0
DA:78,2
DA:79,0
DA:80,0
DA:81,0
DA:82,0
DA:83,0
DA:84,0
DA:85,0
DA:86,0
DA:87,0
DA:88,0
DA:91,2
LF:60
LH:12
BRDA:23,0,0,0
BRDA:23,0,1,0
BRDA:44,1,0,0
BRDA:44,1,1,0
BRDA:69,2,0,0
BRDA:69,2,1,0
BRDA:84,3,0,0
BRDA:84,3,1,0
BRF:8
BRH:0
end_of_record
TN:
SF:src/routes/users.js
FN:9,(anonymous_0)
FN:18,(anonymous_1)
FN:27,(anonymous_2)
FN:36,(anonymous_3)
FN:55,(anonymous_4)
FN:68,(anonymous_5)
FN:81,(anonymous_6)
FN:91,(anonymous_7)
FNF:8
FNH:0
FNDA:0,(anonymous_0)
FNDA:0,(anonymous_1)
FNDA:0,(anonymous_2)
FNDA:0,(anonymous_3)
FNDA:0,(anonymous_4)
FNDA:0,(anonymous_5)
FNDA:0,(anonymous_6)
FNDA:0,(anonymous_7)
DA:1,2
DA:2,2
DA:3,2
DA:4,2
DA:6,2
DA:9,2
DA:10,0
DA:11,0
DA:12,0
DA:13,0
DA:14,0
DA:18,2
DA:19,0
DA:20,0
DA:21,0
DA:22,0
DA:23,0
DA:27,2
DA:28,0
DA:29,0
DA:30,0
DA:31,0
DA:32,0
DA:36,2
DA:37,0
DA:38,0
DA:39,0
DA:40,0
DA:49,0
DA:50,0
DA:51,0
DA:55,2
DA:56,0
DA:57,0
DA:58,0
DA:59,0
DA:60,0
DA:61,0
DA:62,0
DA:63,0
DA:64,0
DA:68,2
DA:69,0
DA:70,0
DA:71,0
DA:72,0
DA:73,0
DA:74,0
DA:75,0
DA:76,0
DA:77,0
DA:81,2
DA:82,0
DA:83,0
DA:84,0
DA:85,0
DA:86,0
DA:87,0
DA:91,2
DA:92,0
DA:93,0
DA:94,0
DA:95,0
DA:96,0
DA:97,0
DA:100,2
LF:66
LH:14
BRF:0
BRH:0
end_of_record
